# JRE version: OpenJDK Runtime Environment (8.0_112-b05) (build 1.8.0_112-release-b05)
# Java VM: OpenJDK 64-Bit Server VM (25.112-b05 mixed mode bsd-amd64 compressed oops)
Heap:
 PSYoungGen      total 263168K, used 127783K [0x0000000795580000, 0x00000007a9c00000, 0x00000007c0000000)
  eden space 231936K, 47% used [0x0000000795580000,0x000000079c1ab0a8,0x00000007a3800000)
  from space 31232K, 54% used [0x00000007a3800000,0x00000007a489eb78,0x00000007a5680000)
  to   space 30720K, 0% used [0x00000007a7e00000,0x00000007a7e00000,0x00000007a9c00000)
 ParOldGen       total 174592K, used 39141K [0x0000000740000000, 0x000000074aa80000, 0x0000000795580000)
  object space 174592K, 22% used [0x0000000740000000,0x0000000742639400,0x000000074aa80000)
 Metaspace       used 63596K, capacity 65358K, committed 65664K, reserved 1105920K
  class space    used 8193K, capacity 8550K, committed 8576K, reserved 1048576K
GC Heap History (10 events):
Event: 15.485 GC heap before
{Heap before GC invocations=13 (full 3):
 PSYoungGen      total 183808K, used 160768K [0x0000000795580000, 0x00000007a4b80000, 0x00000007c0000000)
  eden space 160768K, 100% used [0x0000000795580000,0x000000079f280000,0x000000079f280000)
  from space 23040K, 0% used [0x000000079f280000,0x000000079f280000,0x00000007a0900000)
  to   space 27136K, 0% used [0x00000007a3100000,0x00000007a3100000,0x00000007a4b80000)
 ParOldGen       total 174592K, used 40129K [0x0000000740000000, 0x000000074aa80000, 0x0000000795580000)
  object space 174592K, 22% used [0x0000000740000000,0x0000000742730530,0x000000074aa80000)
 Metaspace       used 58926K, capacity 60562K, committed 60928K, reserved 1101824K
  class space    used 7739K, capacity 8086K, committed 8192K, reserved 1048576K
Event: 15.533 GC heap after
Heap after GC invocations=13 (full 3):
 PSYoungGen      total 218112K, used 27120K [0x0000000795580000, 0x00000007a5800000, 0x00000007c0000000)
  eden space 190976K, 0% used [0x0000000795580000,0x0000000795580000,0x00000007a1000000)
  from space 27136K, 99% used [0x00000007a3100000,0x00000007a4b7c168,0x00000007a4b80000)
  to   space 33792K, 0% used [0x00000007a1000000,0x00000007a1000000,0x00000007a3100000)
 ParOldGen       total 174592K, used 47389K [0x0000000740000000, 0x000000074aa80000, 0x0000000795580000)
  object space 174592K, 27% used [0x0000000740000000,0x0000000742e476a8,0x000000074aa80000)
 Metaspace       used 58926K, capacity 60562K, committed 60928K, reserved 1101824K
  class space    used 7739K, capacity 8086K, committed 8192K, reserved 1048576K
}
Event: 17.146 GC heap before
{Heap before GC invocations=14 (full 3):
 PSYoungGen      total 218112K, used 216249K [0x0000000795580000, 0x00000007a5800000, 0x00000007c0000000)
  eden space 190976K, 99% used [0x0000000795580000,0x00000007a0e32430,0x00000007a1000000)
  from space 27136K, 99% used [0x00000007a3100000,0x00000007a4b7c168,0x00000007a4b80000)
  to   space 33792K, 0% used [0x00000007a1000000,0x00000007a1000000,0x00000007a3100000)
 ParOldGen       total 174592K, used 47389K [0x0000000740000000, 0x000000074aa80000, 0x0000000795580000)
  object space 174592K, 27% used [0x0000000740000000,0x0000000742e476a8,0x000000074aa80000)
 Metaspace       used 60313K, capacity 61934K, committed 62336K, reserved 1103872K
  class space    used 7865K, capacity 8222K, committed 8320K, reserved 1048576K
Event: 17.165 GC heap after
Heap after GC invocations=14 (full 3):
 PSYoungGen      total 224768K, used 10796K [0x0000000795580000, 0x00000007a7800000, 0x00000007c0000000)
  eden space 190976K, 0% used [0x0000000795580000,0x0000000795580000,0x00000007a1000000)
  from space 33792K, 31% used [0x00000007a1000000,0x00000007a1a8b090,0x00000007a3100000)
  to   space 32768K, 0% used [0x00000007a5800000,0x00000007a5800000,0x00000007a7800000)
 ParOldGen       total 174592K, used 54957K [0x0000000740000000, 0x000000074aa80000, 0x0000000795580000)
  object space 174592K, 31% used [0x0000000740000000,0x00000007435ab660,0x000000074aa80000)
 Metaspace       used 60313K, capacity 61934K, committed 62336K, reserved 1103872K
  class space    used 7865K, capacity 8222K, committed 8320K, reserved 1048576K
}
Event: 17.795 GC heap before
{Heap before GC invocations=15 (full 3):
 PSYoungGen      total 224768K, used 107095K [0x0000000795580000, 0x00000007a7800000, 0x00000007c0000000)
  eden space 190976K, 50% used [0x0000000795580000,0x000000079b38aea8,0x00000007a1000000)
  from space 33792K, 31% used [0x00000007a1000000,0x00000007a1a8b090,0x00000007a3100000)
  to   space 32768K, 0% used [0x00000007a5800000,0x00000007a5800000,0x00000007a7800000)
 ParOldGen       total 174592K, used 54957K [0x0000000740000000, 0x000000074aa80000, 0x0000000795580000)
  object space 174592K, 31% used [0x0000000740000000,0x00000007435ab660,0x000000074aa80000)
 Metaspace       used 62514K, capacity 64136K, committed 64384K, reserved 1105920K
  class space    used 8136K, capacity 8483K, committed 8576K, reserved 1048576K
Event: 17.806 GC heap after
Heap after GC invocations=15 (full 3):
 PSYoungGen      total 261632K, used 10931K [0x0000000795580000, 0x00000007a7500000, 0x00000007c0000000)
  eden space 231936K, 0% used [0x0000000795580000,0x0000000795580000,0x00000007a3800000)
  from space 29696K, 36% used [0x00000007a5800000,0x00000007a62accd0,0x00000007a7500000)
  to   space 31232K, 0% used [0x00000007a3800000,0x00000007a3800000,0x00000007a5680000)
 ParOldGen       total 174592K, used 54965K [0x0000000740000000, 0x000000074aa80000, 0x0000000795580000)
  object space 174592K, 31% used [0x0000000740000000,0x00000007435ad660,0x000000074aa80000)
 Metaspace       used 62514K, capacity 64136K, committed 64384K, reserved 1105920K
  class space    used 8136K, capacity 8483K, committed 8576K, reserved 1048576K
}
Event: 17.806 GC heap before
{Heap before GC invocations=16 (full 4):
 PSYoungGen      total 261632K, used 10931K [0x0000000795580000, 0x00000007a7500000, 0x00000007c0000000)
  eden space 231936K, 0% used [0x0000000795580000,0x0000000795580000,0x00000007a3800000)
  from space 29696K, 36% used [0x00000007a5800000,0x00000007a62accd0,0x00000007a7500000)
  to   space 31232K, 0% used [0x00000007a3800000,0x00000007a3800000,0x00000007a5680000)
 ParOldGen       total 174592K, used 54965K [0x0000000740000000, 0x000000074aa80000, 0x0000000795580000)
  object space 174592K, 31% used [0x0000000740000000,0x00000007435ad660,0x000000074aa80000)
 Metaspace       used 62514K, capacity 64136K, committed 64384K, reserved 1105920K
  class space    used 8136K, capacity 8483K, committed 8576K, reserved 1048576K
Event: 18.027 GC heap after
Heap after GC invocations=16 (full 4):
 PSYoungGen      total 261632K, used 0K [0x0000000795580000, 0x00000007a7500000, 0x00000007c0000000)
  eden space 231936K, 0% used [0x0000000795580000,0x0000000795580000,0x00000007a3800000)
  from space 29696K, 0% used [0x00000007a5800000,0x00000007a5800000,0x00000007a7500000)
  to   space 31232K, 0% used [0x00000007a3800000,0x00000007a3800000,0x00000007a5680000)
 ParOldGen       total 174592K, used 39133K [0x0000000740000000, 0x000000074aa80000, 0x0000000795580000)
  object space 174592K, 22% used [0x0000000740000000,0x0000000742637400,0x000000074aa80000)
 Metaspace       used 62514K, capacity 64136K, committed 64384K, reserved 1105920K
  class space    used 8136K, capacity 8483K, committed 8576K, reserved 1048576K
}
Event: 97.931 GC heap before
{Heap before GC invocations=17 (full 4):
 PSYoungGen      total 261632K, used 231936K [0x0000000795580000, 0x00000007a7500000, 0x00000007c0000000)
  eden space 231936K, 100% used [0x0000000795580000,0x00000007a3800000,0x00000007a3800000)
  from space 29696K, 0% used [0x00000007a5800000,0x00000007a5800000,0x00000007a7500000)
  to   space 31232K, 0% used [0x00000007a3800000,0x00000007a3800000,0x00000007a5680000)
 ParOldGen       total 174592K, used 39133K [0x0000000740000000, 0x000000074aa80000, 0x0000000795580000)
  object space 174592K, 22% used [0x0000000740000000,0x0000000742637400,0x000000074aa80000)
 Metaspace       used 63557K, capacity 65358K, committed 65664K, reserved 1105920K
  class space    used 8193K, capacity 8550K, committed 8576K, reserved 1048576K
Event: 97.950 GC heap after
Heap after GC invocations=17 (full 4):
 PSYoungGen      total 263168K, used 17018K [0x0000000795580000, 0x00000007a9c00000, 0x00000007c0000000)
  eden space 231936K, 0% used [0x0000000795580000,0x0000000795580000,0x00000007a3800000)
  from space 31232K, 54% used [0x00000007a3800000,0x00000007a489eb78,0x00000007a5680000)
  to   space 30720K, 0% used [0x00000007a7e00000,0x00000007a7e00000,0x00000007a9c00000)
 ParOldGen       total 174592K, used 39141K [0x0000000740000000, 0x000000074aa80000, 0x0000000795580000)
  object space 174592K, 22% used [0x0000000740000000,0x0000000742639400,0x000000074aa80000)
 Metaspace       used 63557K, capacity 65358K, committed 65664K, reserved 1105920K
  class space    used 8193K, capacity 8550K, committed 8576K, reserved 1048576K
}

